method = sample (Default)
  sample
    num_samples = 1000 (Default)
    num_warmup = 1000 (Default)
    save_warmup = 0 (Default)
    thin = 1 (Default)
    adapt
      engaged = 1 (Default)
      gamma = 0.050000000000000003 (Default)
      delta = 0.80000000000000004 (Default)
      kappa = 0.75 (Default)
      t0 = 10 (Default)
      init_buffer = 75 (Default)
      term_buffer = 50 (Default)
      window = 25 (Default)
    algorithm = hmc (Default)
      hmc
        engine = nuts (Default)
          nuts
            max_depth = 10 (Default)
        metric = diag_e (Default)
        stepsize = 1 (Default)
        stepsize_jitter = 1
id = 1
data
  file = odePlatelets_1.data.R
init = 2 (Default)
random
  seed = 44666030
output
  file = odePlatelets_samples_1.csv
  diagnostic_file = odePlatelets_diagnostics_1.csv
  refresh = 100 (Default)

method = sample (Default)
  sample
    num_samples = 1000 (Default)
    num_warmup = 1000 (Default)
    save_warmup = 0 (Default)
    thin = 1 (Default)
    adapt
      engaged = 1 (Default)
      gamma = 0.050000000000000003 (Default)
      delta = 0.80000000000000004 (Default)
      kappa = 0.75 (Default)
      t0 = 10 (Default)
      init_buffer = 75 (Default)
      term_buffer = 50 (Default)
      window = 25 (Default)
    algorithm = hmc (Default)
      hmc
        engine = nuts (Default)
          nuts
            max_depth = 10 (Default)
        metric = diag_e (Default)
        stepsize = 1 (Default)
        stepsize_jitter = 1
id = 2
data
  file = odePlatelets_2.data.R
init = 2 (Default)
random
method = sample (Default)
  seed = 44666031
  sample
output
    num_samples = 1000 (Default)
  file = odePlatelets_samples_2.csv
    num_warmup = 1000 (Default)
  diagnostic_file = odePlatelets_diagnostics_2.csv
    save_warmup = 0 (Default)
  refresh = 100 (Default)
    thin = 1 (Default)

    adapt
      engaged = 1 (Default)
      gamma = 0.050000000000000003 (Default)
      delta = 0.80000000000000004 (Default)
      kappa = 0.75 (Default)
      t0 = 10 (Default)
      init_buffer = 75 (Default)
      term_buffer = 50 (Default)
      window = 25 (Default)
    algorithm = hmc (Default)
      hmc
        engine = nuts (Default)
          nuts
            max_depth = 10 (Default)
        metric = diag_e (Default)
        stepsize = 1 (Default)
        stepsize_jitter = 1
id = 3
data
  file = odePlatelets_3.data.R
init = 2 (Default)
random
  seed = 44666031
output
  file = odePlatelets_samples_3.csv
  diagnostic_file = odePlatelets_diagnostics_3.csv
  refresh = 100 (Default)

method = sample (Default)
  sample
    num_samples = 1000 (Default)
    num_warmup = 1000 (Default)
    save_warmup = 0 (Default)
    thin = 1 (Default)
    adapt
      engaged = 1 (Default)
      gamma = 0.050000000000000003 (Default)
      delta = 0.80000000000000004 (Default)
      kappa = 0.75 (Default)
      t0 = 10 (Default)
      init_buffer = 75 (Default)
      term_buffer = 50 (Default)
      window = 25 (Default)
    algorithm = hmc (Default)
      hmc
        engine = nuts (Default)
          nuts
            max_depth = 10 (Default)
        metric = diag_e (Default)
        stepsize = 1 (Default)
        stepsize_jitter = 1
id = 4
data
  file = odePlatelets_4.data.R
init = 2 (Default)
random
  seed = 44666035
output
  file = odePlatelets_samples_4.csv
  diagnostic_file = odePlatelets_diagnostics_4.csv
  refresh = 100 (Default)

mismatch in number dimensions declared and found in context; processing stage=data initialization; variable name=x; dims declared=(6001,11); dims found=(118)
mismatch in number dimensions declared and found in context; processing stage=data initialization; variable name=x; dims declared=(6001,11); dims found=(118)
mismatch in number dimensions declared and found in context; processing stage=data initialization; variable name=x; dims declared=(6001,11); dims found=(118)
mismatch in number dimensions declared and found in context; processing stage=data initialization; variable name=x; dims declared=(6001,11); dims found=(118)
